Compiling the C compiler identification source file "CMakeCCompilerId.c" failed.
Compiler: /Applications/Xcode.app/Contents/Developer/Toolchains/XcodeDefault.xctoolchain/usr/bin/cc 
Build flags: 
Id flags:  

The output was:
1
ld: library not found for -lSystem
clang: error: linker command failed with exit code 1 (use -v to see invocation)


Compiling the CXX compiler identification source file "CMakeCXXCompilerId.cpp" failed.
Compiler: /Applications/Xcode.app/Contents/Developer/Toolchains/XcodeDefault.xctoolchain/usr/bin/c++ 
Build flags: 
Id flags:  

The output was:
1
ld: library not found for -lc++
clang: error: linker command failed with exit code 1 (use -v to see invocation)


Checking whether the ASM compiler is GNU using "--version" did not match "(GNU assembler)|(GCC)|(Free Software Foundation)":
Apple clang version 14.0.0 (clang-1400.0.29.202)
Target: arm64-apple-darwin22.1.0
Thread model: posix
InstalledDir: /Applications/Xcode.app/Contents/Developer/Toolchains/XcodeDefault.xctoolchain/usr/bin
Performing C SOURCE FILE Test CMAKE_HAVE_LIBC_PTHREAD failed with the following output:
Change Dir: /Users/fuykan/Documents/GitHub/lavukcoin/cmake-build-debug/CMakeFiles/CMakeTmp

Run Build Command(s):/Applications/CLion.app/Contents/bin/ninja/mac/ninja cmTC_d852a && [1/2] Building C object CMakeFiles/cmTC_d852a.dir/src.c.o
FAILED: CMakeFiles/cmTC_d852a.dir/src.c.o 
/Applications/Xcode.app/Contents/Developer/Toolchains/XcodeDefault.xctoolchain/usr/bin/cc -DCMAKE_HAVE_LIBC_PTHREAD  -std=c11  -Wall -Wextra -Wpointer-arith -Wundef -Wvla -Wwrite-strings -Werror -Wno-error=extra -Wno-error=unused-function -Wno-error=deprecated-declarations -Wno-error=sign-compare -Wno-error=strict-aliasing -Wno-error=type-limits -Wno-unused-parameter -Wno-error=unused-variable -Wno-error=undef -Wno-error=uninitialized -Wno-error=unused-result -Wno-error=mismatched-tags -Wno-error=null-conversion -Wno-overloaded-shift-op-parentheses -Wno-error=shift-count-overflow -Wno-error=tautological-constant-out-of-range-compare -Wno-error=unused-private-field -Wno-error=unneeded-internal-declaration -Wno-error=unused-function -Waggregate-return -Wnested-externs -Wold-style-definition -Wstrict-prototypes -march=native -maes  -arch arm64 -isysroot /Applications/Xcode.app/Contents/Developer/Platforms/MacOSX.platform/Developer/SDKs/MacOSX13.0.sdk -fcolor-diagnostics -MD -MT CMakeFiles/cmTC_d852a.dir/src.c.o -MF CMakeFiles/cmTC_d852a.dir/src.c.o.d -o CMakeFiles/cmTC_d852a.dir/src.c.o -c /Users/fuykan/Documents/GitHub/lavukcoin/cmake-build-debug/CMakeFiles/CMakeTmp/src.c
clang: error: the clang compiler does not support '-march=native'
ninja: build stopped: subcommand failed.


Source file was:
#include <pthread.h>

static void* test_func(void* data)
{
  return data;
}

int main(void)
{
  pthread_t thread;
  pthread_create(&thread, NULL, test_func, NULL);
  pthread_detach(thread);
  pthread_cancel(thread);
  pthread_join(thread, NULL);
  pthread_atfork(NULL, NULL, NULL);
  pthread_exit(NULL);

  return 0;
}

Determining if the function pthread_create exists in the pthreads failed with the following output:
Change Dir: /Users/fuykan/Documents/GitHub/lavukcoin/cmake-build-debug/CMakeFiles/CMakeTmp

Run Build Command(s):/Applications/CLion.app/Contents/bin/ninja/mac/ninja cmTC_72e98 && [1/2] Building C object CMakeFiles/cmTC_72e98.dir/CheckFunctionExists.c.o
FAILED: CMakeFiles/cmTC_72e98.dir/CheckFunctionExists.c.o 
/Applications/Xcode.app/Contents/Developer/Toolchains/XcodeDefault.xctoolchain/usr/bin/cc   -std=c11  -Wall -Wextra -Wpointer-arith -Wundef -Wvla -Wwrite-strings -Werror -Wno-error=extra -Wno-error=unused-function -Wno-error=deprecated-declarations -Wno-error=sign-compare -Wno-error=strict-aliasing -Wno-error=type-limits -Wno-unused-parameter -Wno-error=unused-variable -Wno-error=undef -Wno-error=uninitialized -Wno-error=unused-result -Wno-error=mismatched-tags -Wno-error=null-conversion -Wno-overloaded-shift-op-parentheses -Wno-error=shift-count-overflow -Wno-error=tautological-constant-out-of-range-compare -Wno-error=unused-private-field -Wno-error=unneeded-internal-declaration -Wno-error=unused-function -Waggregate-return -Wnested-externs -Wold-style-definition -Wstrict-prototypes -march=native -maes -DCHECK_FUNCTION_EXISTS=pthread_create -arch arm64 -isysroot /Applications/Xcode.app/Contents/Developer/Platforms/MacOSX.platform/Developer/SDKs/MacOSX13.0.sdk -fcolor-diagnostics -MD -MT CMakeFiles/cmTC_72e98.dir/CheckFunctionExists.c.o -MF CMakeFiles/cmTC_72e98.dir/CheckFunctionExists.c.o.d -o CMakeFiles/cmTC_72e98.dir/CheckFunctionExists.c.o -c /Applications/CLion.app/Contents/bin/cmake/mac/share/cmake-3.24/Modules/CheckFunctionExists.c
clang: error: the clang compiler does not support '-march=native'
ninja: build stopped: subcommand failed.



Determining if the function pthread_create exists in the pthread failed with the following output:
Change Dir: /Users/fuykan/Documents/GitHub/lavukcoin/cmake-build-debug/CMakeFiles/CMakeTmp

Run Build Command(s):/Applications/CLion.app/Contents/bin/ninja/mac/ninja cmTC_1e25a && [1/2] Building C object CMakeFiles/cmTC_1e25a.dir/CheckFunctionExists.c.o
FAILED: CMakeFiles/cmTC_1e25a.dir/CheckFunctionExists.c.o 
/Applications/Xcode.app/Contents/Developer/Toolchains/XcodeDefault.xctoolchain/usr/bin/cc   -std=c11  -Wall -Wextra -Wpointer-arith -Wundef -Wvla -Wwrite-strings -Werror -Wno-error=extra -Wno-error=unused-function -Wno-error=deprecated-declarations -Wno-error=sign-compare -Wno-error=strict-aliasing -Wno-error=type-limits -Wno-unused-parameter -Wno-error=unused-variable -Wno-error=undef -Wno-error=uninitialized -Wno-error=unused-result -Wno-error=mismatched-tags -Wno-error=null-conversion -Wno-overloaded-shift-op-parentheses -Wno-error=shift-count-overflow -Wno-error=tautological-constant-out-of-range-compare -Wno-error=unused-private-field -Wno-error=unneeded-internal-declaration -Wno-error=unused-function -Waggregate-return -Wnested-externs -Wold-style-definition -Wstrict-prototypes -march=native -maes -DCHECK_FUNCTION_EXISTS=pthread_create -arch arm64 -isysroot /Applications/Xcode.app/Contents/Developer/Platforms/MacOSX.platform/Developer/SDKs/MacOSX13.0.sdk -fcolor-diagnostics -MD -MT CMakeFiles/cmTC_1e25a.dir/CheckFunctionExists.c.o -MF CMakeFiles/cmTC_1e25a.dir/CheckFunctionExists.c.o.d -o CMakeFiles/cmTC_1e25a.dir/CheckFunctionExists.c.o -c /Applications/CLion.app/Contents/bin/cmake/mac/share/cmake-3.24/Modules/CheckFunctionExists.c
clang: error: the clang compiler does not support '-march=native'
ninja: build stopped: subcommand failed.



